# Logfile created on 2016-12-07 14:27:41 +0100 by logger.rb/54362
  INFO ---------------------------------------------------------------------------
  INFO START 2016-12-07 14:27:41 +0100 cap staging deploy
  INFO ---------------------------------------------------------------------------
 DEBUG [b7f352cd] Running /usr/local/rvm/bin/rvm version as spv@softproof2.newshubmedia.com
 DEBUG [b7f352cd] Command: /usr/local/rvm/bin/rvm version
  INFO ---------------------------------------------------------------------------
  INFO START 2016-12-07 14:40:38 +0100 cap staging deploy
  INFO ---------------------------------------------------------------------------
 DEBUG [c9d88331] Running /usr/local/rvm/bin/rvm version as spv@softproof2.newshubmedia.com
 DEBUG [c9d88331] Command: /usr/local/rvm/bin/rvm version
 DEBUG [c9d88331] 	rvm 1.27.0 (latest) by Wayne E. Seguin <wayneeseguin@gmail.com>, Michal Papis <mpapis@gmail.com> [https://rvm.io/]
 DEBUG [c9d88331] Finished in 2.178 seconds with exit status 0 (successful).
 DEBUG [997f9ab6] Running /usr/local/rvm/bin/rvm current as spv@softproof2.newshubmedia.com
 DEBUG [997f9ab6] Command: /usr/local/rvm/bin/rvm current
 DEBUG [997f9ab6] 	system
 DEBUG [997f9ab6] Finished in 2.137 seconds with exit status 0 (successful).
 DEBUG [9e8a82e8] Running /usr/local/rvm/bin/rvm 2.3.1@conversion-experiments do ruby --version as spv@softproof2.newshubmedia.com
 DEBUG [9e8a82e8] Command: /usr/local/rvm/bin/rvm 2.3.1@conversion-experiments do ruby --version
 DEBUG [9e8a82e8] 	Gemset 'conversion-experiments' does not exist, 'rvm ruby-2.3.1 do rvm gemset create conversion-experiments' first, or append '--create'.
  INFO ---------------------------------------------------------------------------
  INFO START 2016-12-07 15:27:27 +0100 cap staging deploy
  INFO ---------------------------------------------------------------------------
 DEBUG [f5ee6892] Running /usr/local/rvm/bin/rvm version as spv@softproof2.newshubmedia.com
 DEBUG [f5ee6892] Command: /usr/local/rvm/bin/rvm version
 DEBUG [f5ee6892] 	rvm 1.27.0 (latest) by Wayne E. Seguin <wayneeseguin@gmail.com>, Michal Papis <mpapis@gmail.com> [https://rvm.io/]
 DEBUG [f5ee6892] Finished in 2.496 seconds with exit status 0 (successful).
 DEBUG [301ceb4b] Running /usr/local/rvm/bin/rvm current as spv@softproof2.newshubmedia.com
 DEBUG [301ceb4b] Command: /usr/local/rvm/bin/rvm current
 DEBUG [301ceb4b] 	ruby-2.3.1
 DEBUG [301ceb4b] Finished in 2.234 seconds with exit status 0 (successful).
 DEBUG [844ef7b5] Running /usr/local/rvm/bin/rvm 2.3.1@conversion-experiments do ruby --version as spv@softproof2.newshubmedia.com
 DEBUG [844ef7b5] Command: /usr/local/rvm/bin/rvm 2.3.1@conversion-experiments do ruby --version
 DEBUG [844ef7b5] 	ruby 2.3.1p112 (2016-04-26 revision 54768) [x86_64-linux]
 DEBUG [844ef7b5] Finished in 0.909 seconds with exit status 0 (successful).
  INFO [cc9d82cd] Running /usr/bin/env mkdir -p /tmp as spv@softproof2.newshubmedia.com
 DEBUG [cc9d82cd] Command: /usr/bin/env mkdir -p /tmp
  INFO [cc9d82cd] Finished in 0.417 seconds with exit status 0 (successful).
 DEBUG Uploading /tmp/git-ssh-conversion-experiments-staging-tomek.sh 0.0%
  INFO Uploading /tmp/git-ssh-conversion-experiments-staging-tomek.sh 100.0%
  INFO [b11fee89] Running /usr/bin/env chmod 700 /tmp/git-ssh-conversion-experiments-staging-tomek.sh as spv@softproof2.newshubmedia.com
 DEBUG [b11fee89] Command: /usr/bin/env chmod 700 /tmp/git-ssh-conversion-experiments-staging-tomek.sh
  INFO [b11fee89] Finished in 0.425 seconds with exit status 0 (successful).
  INFO [a5f0ec64] Running /usr/bin/env git ls-remote --heads git@git.newshubmedia.com:SPV/conversion-experiments.git as spv@softproof2.newshubmedia.com
 DEBUG [a5f0ec64] Command: ( export GIT_ASKPASS="/bin/echo" GIT_SSH="/tmp/git-ssh-conversion-experiments-staging-tomek.sh" ; /usr/bin/env git ls-remote --heads git@git.newshubmedia.com:SPV/conversion-experiments.git )
 DEBUG [a5f0ec64] 	Warning: Permanently added 'git.newshubmedia.com,208.52.137.90' (RSA) to the list of known hosts.
 DEBUG [a5f0ec64] 	Permission denied (publickey,password).
 DEBUG [a5f0ec64] 	fatal: Could not read from remote repository.

Please make sure you have the correct access rights
and the repository exists.
  INFO ---------------------------------------------------------------------------
  INFO START 2016-12-07 15:29:33 +0100 cap staging deploy
  INFO ---------------------------------------------------------------------------
 DEBUG [50c75b8c] Running /usr/local/rvm/bin/rvm version as spv@softproof2.newshubmedia.com
 DEBUG [50c75b8c] Command: /usr/local/rvm/bin/rvm version
 DEBUG [50c75b8c] 	rvm 1.27.0 (latest) by Wayne E. Seguin <wayneeseguin@gmail.com>, Michal Papis <mpapis@gmail.com> [https://rvm.io/]
 DEBUG [50c75b8c] Finished in 2.152 seconds with exit status 0 (successful).
 DEBUG [bd2122bc] Running /usr/local/rvm/bin/rvm current as spv@softproof2.newshubmedia.com
 DEBUG [bd2122bc] Command: /usr/local/rvm/bin/rvm current
 DEBUG [bd2122bc] 	ruby-2.3.1
 DEBUG [bd2122bc] Finished in 2.219 seconds with exit status 0 (successful).
 DEBUG [aec41e5b] Running /usr/local/rvm/bin/rvm 2.3.1@conversion-experiments do ruby --version as spv@softproof2.newshubmedia.com
 DEBUG [aec41e5b] Command: /usr/local/rvm/bin/rvm 2.3.1@conversion-experiments do ruby --version
 DEBUG [aec41e5b] 	ruby 2.3.1p112 (2016-04-26 revision 54768) [x86_64-linux]
 DEBUG [aec41e5b] Finished in 0.784 seconds with exit status 0 (successful).
  INFO [bf52ba94] Running /usr/bin/env mkdir -p /tmp as spv@softproof2.newshubmedia.com
 DEBUG [bf52ba94] Command: /usr/bin/env mkdir -p /tmp
  INFO [bf52ba94] Finished in 0.419 seconds with exit status 0 (successful).
 DEBUG Uploading /tmp/git-ssh-conversion-experiments-staging-tomek.sh 0.0%
  INFO Uploading /tmp/git-ssh-conversion-experiments-staging-tomek.sh 100.0%
  INFO [d832a48b] Running /usr/bin/env chmod 700 /tmp/git-ssh-conversion-experiments-staging-tomek.sh as spv@softproof2.newshubmedia.com
 DEBUG [d832a48b] Command: /usr/bin/env chmod 700 /tmp/git-ssh-conversion-experiments-staging-tomek.sh
  INFO [d832a48b] Finished in 0.414 seconds with exit status 0 (successful).
  INFO [60e90299] Running /usr/bin/env git ls-remote --heads git@git.newshubmedia.com:SPV/conversion-experiments.git as spv@softproof2.newshubmedia.com
 DEBUG [60e90299] Command: ( export GIT_ASKPASS="/bin/echo" GIT_SSH="/tmp/git-ssh-conversion-experiments-staging-tomek.sh" ; /usr/bin/env git ls-remote --heads git@git.newshubmedia.com:SPV/conversion-experiments.git )
 DEBUG [60e90299] 	82086793d2710f0ae5a6fc12e6c6764193792d64	refs/heads/master
  INFO [60e90299] Finished in 6.237 seconds with exit status 0 (successful).
  INFO [c81ccb10] Running /usr/bin/env mkdir -p /home/spv/conversion-experiments/shared /home/spv/conversion-experiments/releases as spv@softproof2.newshubmedia.com
 DEBUG [c81ccb10] Command: /usr/bin/env mkdir -p /home/spv/conversion-experiments/shared /home/spv/conversion-experiments/releases
  INFO [c81ccb10] Finished in 0.427 seconds with exit status 0 (successful).
  INFO [6b0109c5] Running /usr/bin/env mkdir -p /home/spv/conversion-experiments/shared/config/apps /home/spv/conversion-experiments/shared/public as spv@softproof2.newshubmedia.com
 DEBUG [6b0109c5] Command: /usr/bin/env mkdir -p /home/spv/conversion-experiments/shared/config/apps /home/spv/conversion-experiments/shared/public
  INFO [6b0109c5] Finished in 0.399 seconds with exit status 0 (successful).
  INFO [e5921856] Running /usr/bin/env mkdir -p /home/spv/conversion-experiments/shared/config as spv@softproof2.newshubmedia.com
 DEBUG [e5921856] Command: /usr/bin/env mkdir -p /home/spv/conversion-experiments/shared/config
  INFO [e5921856] Finished in 0.404 seconds with exit status 0 (successful).
 DEBUG [9a89a1db] Running [ -f /home/spv/conversion-experiments/shared/config/init.rb ] as spv@softproof2.newshubmedia.com
 DEBUG [9a89a1db] Command: [ -f /home/spv/conversion-experiments/shared/config/init.rb ]
 DEBUG [9a89a1db] Finished in 0.409 seconds with exit status 1 (failed).
 ERROR linked file /home/spv/conversion-experiments/shared/config/init.rb does not exist on softproof2.newshubmedia.com
  INFO ---------------------------------------------------------------------------
  INFO START 2016-12-07 15:31:05 +0100 cap staging deploy
  INFO ---------------------------------------------------------------------------
 DEBUG [1f70639f] Running /usr/local/rvm/bin/rvm version as spv@softproof2.newshubmedia.com
 DEBUG [1f70639f] Command: /usr/local/rvm/bin/rvm version
 DEBUG [1f70639f] 	rvm 1.27.0 (latest) by Wayne E. Seguin <wayneeseguin@gmail.com>, Michal Papis <mpapis@gmail.com> [https://rvm.io/]
 DEBUG [1f70639f] Finished in 2.111 seconds with exit status 0 (successful).
 DEBUG [0b580b5d] Running /usr/local/rvm/bin/rvm current as spv@softproof2.newshubmedia.com
 DEBUG [0b580b5d] Command: /usr/local/rvm/bin/rvm current
 DEBUG [0b580b5d] 	ruby-2.3.1
 DEBUG [0b580b5d] Finished in 2.126 seconds with exit status 0 (successful).
 DEBUG [1f98aaa6] Running /usr/local/rvm/bin/rvm 2.3.1@conversion-experiments do ruby --version as spv@softproof2.newshubmedia.com
 DEBUG [1f98aaa6] Command: /usr/local/rvm/bin/rvm 2.3.1@conversion-experiments do ruby --version
 DEBUG [1f98aaa6] 	ruby 2.3.1p112 (2016-04-26 revision 54768) [x86_64-linux]
 DEBUG [1f98aaa6] Finished in 0.719 seconds with exit status 0 (successful).
  INFO [aa7582cb] Running /usr/bin/env mkdir -p /tmp as spv@softproof2.newshubmedia.com
 DEBUG [aa7582cb] Command: /usr/bin/env mkdir -p /tmp
  INFO [aa7582cb] Finished in 0.392 seconds with exit status 0 (successful).
 DEBUG Uploading /tmp/git-ssh-conversion-experiments-staging-tomek.sh 0.0%
  INFO Uploading /tmp/git-ssh-conversion-experiments-staging-tomek.sh 100.0%
  INFO [82960bbb] Running /usr/bin/env chmod 700 /tmp/git-ssh-conversion-experiments-staging-tomek.sh as spv@softproof2.newshubmedia.com
 DEBUG [82960bbb] Command: /usr/bin/env chmod 700 /tmp/git-ssh-conversion-experiments-staging-tomek.sh
  INFO [82960bbb] Finished in 0.399 seconds with exit status 0 (successful).
  INFO [493a3a25] Running /usr/bin/env git ls-remote --heads git@git.newshubmedia.com:SPV/conversion-experiments.git as spv@softproof2.newshubmedia.com
 DEBUG [493a3a25] Command: ( export GIT_ASKPASS="/bin/echo" GIT_SSH="/tmp/git-ssh-conversion-experiments-staging-tomek.sh" ; /usr/bin/env git ls-remote --heads git@git.newshubmedia.com:SPV/conversion-experiments.git )
 DEBUG [493a3a25] 	82086793d2710f0ae5a6fc12e6c6764193792d64	refs/heads/master
  INFO [493a3a25] Finished in 6.292 seconds with exit status 0 (successful).
  INFO [85dc8aca] Running /usr/bin/env mkdir -p /home/spv/conversion-experiments/shared /home/spv/conversion-experiments/releases as spv@softproof2.newshubmedia.com
 DEBUG [85dc8aca] Command: /usr/bin/env mkdir -p /home/spv/conversion-experiments/shared /home/spv/conversion-experiments/releases
  INFO [85dc8aca] Finished in 0.394 seconds with exit status 0 (successful).
  INFO [5a1aadc5] Running /usr/bin/env mkdir -p /home/spv/conversion-experiments/shared/config/apps /home/spv/conversion-experiments/shared/public as spv@softproof2.newshubmedia.com
 DEBUG [5a1aadc5] Command: /usr/bin/env mkdir -p /home/spv/conversion-experiments/shared/config/apps /home/spv/conversion-experiments/shared/public
  INFO [5a1aadc5] Finished in 0.396 seconds with exit status 0 (successful).
  INFO [74f6e6f9] Running /usr/bin/env mkdir -p /home/spv/conversion-experiments/shared/config as spv@softproof2.newshubmedia.com
 DEBUG [74f6e6f9] Command: /usr/bin/env mkdir -p /home/spv/conversion-experiments/shared/config
  INFO [74f6e6f9] Finished in 0.401 seconds with exit status 0 (successful).
 DEBUG [9f00515c] Running [ -f /home/spv/conversion-experiments/shared/config/init.rb ] as spv@softproof2.newshubmedia.com
 DEBUG [9f00515c] Command: [ -f /home/spv/conversion-experiments/shared/config/init.rb ]
 DEBUG [9f00515c] Finished in 0.394 seconds with exit status 0 (successful).
 DEBUG [4cea0e8c] Running [ -f /home/spv/conversion-experiments/current/REVISION ] as spv@softproof2.newshubmedia.com
 DEBUG [4cea0e8c] Command: [ -f /home/spv/conversion-experiments/current/REVISION ]
 DEBUG [4cea0e8c] Finished in 0.396 seconds with exit status 1 (failed).
 DEBUG [0d022a46] Running [ -f /home/spv/conversion-experiments/repo/HEAD ] as spv@softproof2.newshubmedia.com
 DEBUG [0d022a46] Command: [ -f /home/spv/conversion-experiments/repo/HEAD ]
 DEBUG [0d022a46] Finished in 0.389 seconds with exit status 1 (failed).
 DEBUG [d5c0d5f6] Running if test ! -d /home/spv/conversion-experiments; then echo "Directory does not exist '/home/spv/conversion-experiments'" 1>&2; false; fi as spv@softproof2.newshubmedia.com
 DEBUG [d5c0d5f6] Command: if test ! -d /home/spv/conversion-experiments; then echo "Directory does not exist '/home/spv/conversion-experiments'" 1>&2; false; fi
 DEBUG [d5c0d5f6] Finished in 0.387 seconds with exit status 0 (successful).
  INFO [e0153bde] Running /usr/bin/env git clone --mirror git@git.newshubmedia.com:SPV/conversion-experiments.git /home/spv/conversion-experiments/repo as spv@softproof2.newshubmedia.com
 DEBUG [e0153bde] Command: cd /home/spv/conversion-experiments && ( export GIT_ASKPASS="/bin/echo" GIT_SSH="/tmp/git-ssh-conversion-experiments-staging-tomek.sh" ; /usr/bin/env git clone --mirror git@git.newshubmedia.com:SPV/conversion-experiments.git /home/spv/conversion-experiments/repo )
 DEBUG [e0153bde] 	Cloning into bare repository '/home/spv/conversion-experiments/repo'...
  INFO [e0153bde] Finished in 17.738 seconds with exit status 0 (successful).
 DEBUG [14dcf436] Running if test ! -d /home/spv/conversion-experiments/repo; then echo "Directory does not exist '/home/spv/conversion-experiments/repo'" 1>&2; false; fi as spv@softproof2.newshubmedia.com
 DEBUG [14dcf436] Command: if test ! -d /home/spv/conversion-experiments/repo; then echo "Directory does not exist '/home/spv/conversion-experiments/repo'" 1>&2; false; fi
 DEBUG [14dcf436] Finished in 0.396 seconds with exit status 0 (successful).
  INFO [f961bbb9] Running /usr/bin/env git remote update --prune as spv@softproof2.newshubmedia.com
 DEBUG [f961bbb9] Command: cd /home/spv/conversion-experiments/repo && ( export GIT_ASKPASS="/bin/echo" GIT_SSH="/tmp/git-ssh-conversion-experiments-staging-tomek.sh" ; /usr/bin/env git remote update --prune )
 DEBUG [f961bbb9] 	Fetching origin
  INFO [f961bbb9] Finished in 6.311 seconds with exit status 0 (successful).
 DEBUG [4222dcb5] Running if test ! -d /home/spv/conversion-experiments/repo; then echo "Directory does not exist '/home/spv/conversion-experiments/repo'" 1>&2; false; fi as spv@softproof2.newshubmedia.com
 DEBUG [4222dcb5] Command: if test ! -d /home/spv/conversion-experiments/repo; then echo "Directory does not exist '/home/spv/conversion-experiments/repo'" 1>&2; false; fi
 DEBUG [4222dcb5] Finished in 0.395 seconds with exit status 0 (successful).
  INFO [43500e56] Running /usr/bin/env mkdir -p /home/spv/conversion-experiments/releases/20161207143121 as spv@softproof2.newshubmedia.com
 DEBUG [43500e56] Command: cd /home/spv/conversion-experiments/repo && ( export GIT_ASKPASS="/bin/echo" GIT_SSH="/tmp/git-ssh-conversion-experiments-staging-tomek.sh" ; /usr/bin/env mkdir -p /home/spv/conversion-experiments/releases/20161207143121 )
  INFO [43500e56] Finished in 0.406 seconds with exit status 0 (successful).
  INFO [d5b6f1fa] Running /usr/bin/env git archive master | tar -x -f - -C /home/spv/conversion-experiments/releases/20161207143121 as spv@softproof2.newshubmedia.com
 DEBUG [d5b6f1fa] Command: cd /home/spv/conversion-experiments/repo && ( export GIT_ASKPASS="/bin/echo" GIT_SSH="/tmp/git-ssh-conversion-experiments-staging-tomek.sh" ; /usr/bin/env git archive master | tar -x -f - -C /home/spv/conversion-experiments/releases/20161207143121 )
  INFO [d5b6f1fa] Finished in 0.885 seconds with exit status 0 (successful).
 DEBUG [0e231f15] Running if test ! -d /home/spv/conversion-experiments/repo; then echo "Directory does not exist '/home/spv/conversion-experiments/repo'" 1>&2; false; fi as spv@softproof2.newshubmedia.com
 DEBUG [0e231f15] Command: if test ! -d /home/spv/conversion-experiments/repo; then echo "Directory does not exist '/home/spv/conversion-experiments/repo'" 1>&2; false; fi
 DEBUG [0e231f15] Finished in 0.393 seconds with exit status 0 (successful).
 DEBUG [2fa6082e] Running /usr/bin/env git rev-list --max-count=1 master as spv@softproof2.newshubmedia.com
 DEBUG [2fa6082e] Command: cd /home/spv/conversion-experiments/repo && ( export GIT_ASKPASS="/bin/echo" GIT_SSH="/tmp/git-ssh-conversion-experiments-staging-tomek.sh" ; /usr/bin/env git rev-list --max-count=1 master )
 DEBUG [2fa6082e] 	82086793d2710f0ae5a6fc12e6c6764193792d64
 DEBUG [2fa6082e] Finished in 0.411 seconds with exit status 0 (successful).
 DEBUG [24b429f3] Running if test ! -d /home/spv/conversion-experiments/releases/20161207143121; then echo "Directory does not exist '/home/spv/conversion-experiments/releases/20161207143121'" 1>&2; false; fi as spv@softproof2.newshubmedia.com
 DEBUG [24b429f3] Command: if test ! -d /home/spv/conversion-experiments/releases/20161207143121; then echo "Directory does not exist '/home/spv/conversion-experiments/releases/20161207143121'" 1>&2; false; fi
 DEBUG [24b429f3] Finished in 0.395 seconds with exit status 0 (successful).
  INFO [30f635d7] Running /usr/bin/env echo "82086793d2710f0ae5a6fc12e6c6764193792d64" >> REVISION as spv@softproof2.newshubmedia.com
 DEBUG [30f635d7] Command: cd /home/spv/conversion-experiments/releases/20161207143121 && /usr/bin/env echo "82086793d2710f0ae5a6fc12e6c6764193792d64" >> REVISION
 DEBUG [30f635d7] 	ruby-2.3.1 - #gemset created /usr/local/rvm/gems/ruby-2.3.1@spv
 DEBUG [30f635d7] 	ruby-2.3.1 - #generating spv wrappers
 DEBUG [30f635d7] 	..........
  INFO [30f635d7] Finished in 0.685 seconds with exit status 0 (successful).
  INFO [19ea1965] Running /usr/bin/env mkdir -p /home/spv/conversion-experiments/releases/20161207143121/config as spv@softproof2.newshubmedia.com
 DEBUG [19ea1965] Command: /usr/bin/env mkdir -p /home/spv/conversion-experiments/releases/20161207143121/config
  INFO [19ea1965] Finished in 0.390 seconds with exit status 0 (successful).
 DEBUG [abe90a6f] Running [ -L /home/spv/conversion-experiments/releases/20161207143121/config/init.rb ] as spv@softproof2.newshubmedia.com
 DEBUG [abe90a6f] Command: [ -L /home/spv/conversion-experiments/releases/20161207143121/config/init.rb ]
 DEBUG [abe90a6f] Finished in 0.394 seconds with exit status 1 (failed).
 DEBUG [4029184b] Running [ -f /home/spv/conversion-experiments/releases/20161207143121/config/init.rb ] as spv@softproof2.newshubmedia.com
 DEBUG [4029184b] Command: [ -f /home/spv/conversion-experiments/releases/20161207143121/config/init.rb ]
 DEBUG [4029184b] Finished in 0.394 seconds with exit status 1 (failed).
  INFO [fdb7ad9f] Running /usr/bin/env ln -s /home/spv/conversion-experiments/shared/config/init.rb /home/spv/conversion-experiments/releases/20161207143121/config/init.rb as spv@softproof2.newshubmedia.com
 DEBUG [fdb7ad9f] Command: /usr/bin/env ln -s /home/spv/conversion-experiments/shared/config/init.rb /home/spv/conversion-experiments/releases/20161207143121/config/init.rb
  INFO [fdb7ad9f] Finished in 0.407 seconds with exit status 0 (successful).
  INFO [552d1225] Running /usr/bin/env mkdir -p /home/spv/conversion-experiments/releases/20161207143121/config /home/spv/conversion-experiments/releases/20161207143121 as spv@softproof2.newshubmedia.com
 DEBUG [552d1225] Command: /usr/bin/env mkdir -p /home/spv/conversion-experiments/releases/20161207143121/config /home/spv/conversion-experiments/releases/20161207143121
  INFO [552d1225] Finished in 0.397 seconds with exit status 0 (successful).
 DEBUG [6cee074a] Running [ -L /home/spv/conversion-experiments/releases/20161207143121/config/apps ] as spv@softproof2.newshubmedia.com
 DEBUG [6cee074a] Command: [ -L /home/spv/conversion-experiments/releases/20161207143121/config/apps ]
 DEBUG [6cee074a] Finished in 0.397 seconds with exit status 1 (failed).
 DEBUG [b1da815c] Running [ -d /home/spv/conversion-experiments/releases/20161207143121/config/apps ] as spv@softproof2.newshubmedia.com
 DEBUG [b1da815c] Command: [ -d /home/spv/conversion-experiments/releases/20161207143121/config/apps ]
 DEBUG [b1da815c] Finished in 0.389 seconds with exit status 1 (failed).
  INFO [a4a96431] Running /usr/bin/env ln -s /home/spv/conversion-experiments/shared/config/apps /home/spv/conversion-experiments/releases/20161207143121/config/apps as spv@softproof2.newshubmedia.com
 DEBUG [a4a96431] Command: /usr/bin/env ln -s /home/spv/conversion-experiments/shared/config/apps /home/spv/conversion-experiments/releases/20161207143121/config/apps
  INFO [a4a96431] Finished in 0.404 seconds with exit status 0 (successful).
 DEBUG [adf5115f] Running [ -L /home/spv/conversion-experiments/releases/20161207143121/public ] as spv@softproof2.newshubmedia.com
 DEBUG [adf5115f] Command: [ -L /home/spv/conversion-experiments/releases/20161207143121/public ]
 DEBUG [adf5115f] Finished in 0.423 seconds with exit status 1 (failed).
 DEBUG [3ffc8e2f] Running [ -d /home/spv/conversion-experiments/releases/20161207143121/public ] as spv@softproof2.newshubmedia.com
 DEBUG [3ffc8e2f] Command: [ -d /home/spv/conversion-experiments/releases/20161207143121/public ]
 DEBUG [3ffc8e2f] Finished in 0.404 seconds with exit status 0 (successful).
  INFO [d7b49d44] Running /usr/bin/env rm -rf /home/spv/conversion-experiments/releases/20161207143121/public as spv@softproof2.newshubmedia.com
 DEBUG [d7b49d44] Command: /usr/bin/env rm -rf /home/spv/conversion-experiments/releases/20161207143121/public
  INFO [d7b49d44] Finished in 0.434 seconds with exit status 0 (successful).
  INFO [4541f521] Running /usr/bin/env ln -s /home/spv/conversion-experiments/shared/public /home/spv/conversion-experiments/releases/20161207143121/public as spv@softproof2.newshubmedia.com
 DEBUG [4541f521] Command: /usr/bin/env ln -s /home/spv/conversion-experiments/shared/public /home/spv/conversion-experiments/releases/20161207143121/public
  INFO [4541f521] Finished in 0.417 seconds with exit status 0 (successful).
 DEBUG [bbf505d9] Running if test ! -d /home/spv/conversion-experiments/releases/20161207143121; then echo "Directory does not exist '/home/spv/conversion-experiments/releases/20161207143121'" 1>&2; false; fi as spv@softproof2.newshubmedia.com
 DEBUG [bbf505d9] Command: if test ! -d /home/spv/conversion-experiments/releases/20161207143121; then echo "Directory does not exist '/home/spv/conversion-experiments/releases/20161207143121'" 1>&2; false; fi
 DEBUG [bbf505d9] Finished in 0.426 seconds with exit status 0 (successful).
 DEBUG [3629e0e3] Running /usr/local/rvm/bin/rvm 2.3.1@conversion-experiments do bundle check --path /home/spv/conversion-experiments/shared/bundle as spv@softproof2.newshubmedia.com
 DEBUG [3629e0e3] Command: cd /home/spv/conversion-experiments/releases/20161207143121 && /usr/local/rvm/bin/rvm 2.3.1@conversion-experiments do bundle check --path /home/spv/conversion-experiments/shared/bundle
 DEBUG [3629e0e3] 	/usr/local/rvm/scripts/set: line 19: exec: bundle: not found
 DEBUG [3629e0e3] Finished in 0.917 seconds with exit status 127 (failed).
  INFO [f56e224c] Running /usr/local/rvm/bin/rvm 2.3.1@conversion-experiments do bundle install --path /home/spv/conversion-experiments/shared/bundle --without development test --deployment --quiet as spv@softproof2.newshubmedia.com
 DEBUG [f56e224c] Command: cd /home/spv/conversion-experiments/releases/20161207143121 && /usr/local/rvm/bin/rvm 2.3.1@conversion-experiments do bundle install --path /home/spv/conversion-experiments/shared/bundle --without development test --deployment --quiet
 DEBUG [f56e224c] 	/usr/local/rvm/scripts/set: line 19: exec: bundle: not found
  INFO ---------------------------------------------------------------------------
  INFO START 2016-12-07 15:34:05 +0100 cap staging deploy
  INFO ---------------------------------------------------------------------------
 DEBUG [73299f2e] Running /usr/local/rvm/bin/rvm version as spv@softproof2.newshubmedia.com
 DEBUG [73299f2e] Command: /usr/local/rvm/bin/rvm version
 DEBUG [73299f2e] 	rvm 1.27.0 (latest) by Wayne E. Seguin <wayneeseguin@gmail.com>, Michal Papis <mpapis@gmail.com> [https://rvm.io/]
 DEBUG [73299f2e] Finished in 2.125 seconds with exit status 0 (successful).
 DEBUG [71386593] Running /usr/local/rvm/bin/rvm current as spv@softproof2.newshubmedia.com
 DEBUG [71386593] Command: /usr/local/rvm/bin/rvm current
 DEBUG [71386593] 	ruby-2.3.1
 DEBUG [71386593] Finished in 2.139 seconds with exit status 0 (successful).
 DEBUG [8e2f2f2a] Running /usr/local/rvm/bin/rvm 2.3.1@conversion-experiments do ruby --version as spv@softproof2.newshubmedia.com
 DEBUG [8e2f2f2a] Command: /usr/local/rvm/bin/rvm 2.3.1@conversion-experiments do ruby --version
 DEBUG [8e2f2f2a] 	ruby 2.3.1p112 (2016-04-26 revision 54768) [x86_64-linux]
 DEBUG [8e2f2f2a] Finished in 0.833 seconds with exit status 0 (successful).
  INFO [47d18426] Running /usr/bin/env mkdir -p /tmp as spv@softproof2.newshubmedia.com
 DEBUG [47d18426] Command: /usr/bin/env mkdir -p /tmp
  INFO [47d18426] Finished in 0.407 seconds with exit status 0 (successful).
 DEBUG Uploading /tmp/git-ssh-conversion-experiments-staging-tomek.sh 0.0%
  INFO Uploading /tmp/git-ssh-conversion-experiments-staging-tomek.sh 100.0%
  INFO [70301597] Running /usr/bin/env chmod 700 /tmp/git-ssh-conversion-experiments-staging-tomek.sh as spv@softproof2.newshubmedia.com
 DEBUG [70301597] Command: /usr/bin/env chmod 700 /tmp/git-ssh-conversion-experiments-staging-tomek.sh
  INFO [70301597] Finished in 0.399 seconds with exit status 0 (successful).
  INFO [a0ce3880] Running /usr/bin/env git ls-remote --heads git@git.newshubmedia.com:SPV/conversion-experiments.git as spv@softproof2.newshubmedia.com
 DEBUG [a0ce3880] Command: ( export GIT_ASKPASS="/bin/echo" GIT_SSH="/tmp/git-ssh-conversion-experiments-staging-tomek.sh" ; /usr/bin/env git ls-remote --heads git@git.newshubmedia.com:SPV/conversion-experiments.git )
 DEBUG [a0ce3880] 	82086793d2710f0ae5a6fc12e6c6764193792d64	refs/heads/master
  INFO [a0ce3880] Finished in 6.244 seconds with exit status 0 (successful).
  INFO [7c363403] Running /usr/bin/env mkdir -p /home/spv/conversion-experiments/shared /home/spv/conversion-experiments/releases as spv@softproof2.newshubmedia.com
 DEBUG [7c363403] Command: /usr/bin/env mkdir -p /home/spv/conversion-experiments/shared /home/spv/conversion-experiments/releases
  INFO [7c363403] Finished in 0.450 seconds with exit status 0 (successful).
  INFO [ec3763f8] Running /usr/bin/env mkdir -p /home/spv/conversion-experiments/shared/config/apps /home/spv/conversion-experiments/shared/public as spv@softproof2.newshubmedia.com
 DEBUG [ec3763f8] Command: /usr/bin/env mkdir -p /home/spv/conversion-experiments/shared/config/apps /home/spv/conversion-experiments/shared/public
  INFO [ec3763f8] Finished in 0.401 seconds with exit status 0 (successful).
  INFO [e243d694] Running /usr/bin/env mkdir -p /home/spv/conversion-experiments/shared/config as spv@softproof2.newshubmedia.com
 DEBUG [e243d694] Command: /usr/bin/env mkdir -p /home/spv/conversion-experiments/shared/config
  INFO [e243d694] Finished in 0.408 seconds with exit status 0 (successful).
 DEBUG [d17321bd] Running [ -f /home/spv/conversion-experiments/shared/config/init.rb ] as spv@softproof2.newshubmedia.com
 DEBUG [d17321bd] Command: [ -f /home/spv/conversion-experiments/shared/config/init.rb ]
 DEBUG [d17321bd] Finished in 0.397 seconds with exit status 0 (successful).
 DEBUG [d0ab4e66] Running [ -f /home/spv/conversion-experiments/current/REVISION ] as spv@softproof2.newshubmedia.com
 DEBUG [d0ab4e66] Command: [ -f /home/spv/conversion-experiments/current/REVISION ]
 DEBUG [d0ab4e66] Finished in 0.408 seconds with exit status 1 (failed).
 DEBUG [d1566826] Running [ -f /home/spv/conversion-experiments/repo/HEAD ] as spv@softproof2.newshubmedia.com
 DEBUG [d1566826] Command: [ -f /home/spv/conversion-experiments/repo/HEAD ]
 DEBUG [d1566826] Finished in 0.441 seconds with exit status 0 (successful).
  INFO The repository mirror is at /home/spv/conversion-experiments/repo
 DEBUG [28f342c3] Running if test ! -d /home/spv/conversion-experiments/repo; then echo "Directory does not exist '/home/spv/conversion-experiments/repo'" 1>&2; false; fi as spv@softproof2.newshubmedia.com
 DEBUG [28f342c3] Command: if test ! -d /home/spv/conversion-experiments/repo; then echo "Directory does not exist '/home/spv/conversion-experiments/repo'" 1>&2; false; fi
 DEBUG [28f342c3] Finished in 0.420 seconds with exit status 0 (successful).
  INFO [4d58ffb9] Running /usr/bin/env git remote update --prune as spv@softproof2.newshubmedia.com
 DEBUG [4d58ffb9] Command: cd /home/spv/conversion-experiments/repo && ( export GIT_ASKPASS="/bin/echo" GIT_SSH="/tmp/git-ssh-conversion-experiments-staging-tomek.sh" ; /usr/bin/env git remote update --prune )
 DEBUG [4d58ffb9] 	Fetching origin
  INFO [4d58ffb9] Finished in 6.245 seconds with exit status 0 (successful).
 DEBUG [7d46b1d4] Running if test ! -d /home/spv/conversion-experiments/repo; then echo "Directory does not exist '/home/spv/conversion-experiments/repo'" 1>&2; false; fi as spv@softproof2.newshubmedia.com
 DEBUG [7d46b1d4] Command: if test ! -d /home/spv/conversion-experiments/repo; then echo "Directory does not exist '/home/spv/conversion-experiments/repo'" 1>&2; false; fi
 DEBUG [7d46b1d4] Finished in 0.465 seconds with exit status 0 (successful).
  INFO [8513e9d0] Running /usr/bin/env mkdir -p /home/spv/conversion-experiments/releases/20161207143420 as spv@softproof2.newshubmedia.com
 DEBUG [8513e9d0] Command: cd /home/spv/conversion-experiments/repo && ( export GIT_ASKPASS="/bin/echo" GIT_SSH="/tmp/git-ssh-conversion-experiments-staging-tomek.sh" ; /usr/bin/env mkdir -p /home/spv/conversion-experiments/releases/20161207143420 )
  INFO [8513e9d0] Finished in 0.406 seconds with exit status 0 (successful).
  INFO [9b1e5231] Running /usr/bin/env git archive master | tar -x -f - -C /home/spv/conversion-experiments/releases/20161207143420 as spv@softproof2.newshubmedia.com
 DEBUG [9b1e5231] Command: cd /home/spv/conversion-experiments/repo && ( export GIT_ASKPASS="/bin/echo" GIT_SSH="/tmp/git-ssh-conversion-experiments-staging-tomek.sh" ; /usr/bin/env git archive master | tar -x -f - -C /home/spv/conversion-experiments/releases/20161207143420 )
  INFO [9b1e5231] Finished in 1.058 seconds with exit status 0 (successful).
 DEBUG [5125502b] Running if test ! -d /home/spv/conversion-experiments/repo; then echo "Directory does not exist '/home/spv/conversion-experiments/repo'" 1>&2; false; fi as spv@softproof2.newshubmedia.com
 DEBUG [5125502b] Command: if test ! -d /home/spv/conversion-experiments/repo; then echo "Directory does not exist '/home/spv/conversion-experiments/repo'" 1>&2; false; fi
 DEBUG [5125502b] Finished in 0.464 seconds with exit status 0 (successful).
 DEBUG [b9dea0d0] Running /usr/bin/env git rev-list --max-count=1 master as spv@softproof2.newshubmedia.com
 DEBUG [b9dea0d0] Command: cd /home/spv/conversion-experiments/repo && ( export GIT_ASKPASS="/bin/echo" GIT_SSH="/tmp/git-ssh-conversion-experiments-staging-tomek.sh" ; /usr/bin/env git rev-list --max-count=1 master )
 DEBUG [b9dea0d0] 	82086793d2710f0ae5a6fc12e6c6764193792d64
 DEBUG [b9dea0d0] Finished in 0.467 seconds with exit status 0 (successful).
 DEBUG [0866e17e] Running if test ! -d /home/spv/conversion-experiments/releases/20161207143420; then echo "Directory does not exist '/home/spv/conversion-experiments/releases/20161207143420'" 1>&2; false; fi as spv@softproof2.newshubmedia.com
 DEBUG [0866e17e] Command: if test ! -d /home/spv/conversion-experiments/releases/20161207143420; then echo "Directory does not exist '/home/spv/conversion-experiments/releases/20161207143420'" 1>&2; false; fi
 DEBUG [0866e17e] Finished in 0.403 seconds with exit status 0 (successful).
  INFO [28ecdbce] Running /usr/bin/env echo "82086793d2710f0ae5a6fc12e6c6764193792d64" >> REVISION as spv@softproof2.newshubmedia.com
 DEBUG [28ecdbce] Command: cd /home/spv/conversion-experiments/releases/20161207143420 && /usr/bin/env echo "82086793d2710f0ae5a6fc12e6c6764193792d64" >> REVISION
  INFO [28ecdbce] Finished in 0.445 seconds with exit status 0 (successful).
  INFO [8e2fb066] Running /usr/bin/env mkdir -p /home/spv/conversion-experiments/releases/20161207143420/config as spv@softproof2.newshubmedia.com
 DEBUG [8e2fb066] Command: /usr/bin/env mkdir -p /home/spv/conversion-experiments/releases/20161207143420/config
  INFO [8e2fb066] Finished in 0.471 seconds with exit status 0 (successful).
 DEBUG [a866df0d] Running [ -L /home/spv/conversion-experiments/releases/20161207143420/config/init.rb ] as spv@softproof2.newshubmedia.com
 DEBUG [a866df0d] Command: [ -L /home/spv/conversion-experiments/releases/20161207143420/config/init.rb ]
 DEBUG [a866df0d] Finished in 0.474 seconds with exit status 1 (failed).
 DEBUG [19ae062d] Running [ -f /home/spv/conversion-experiments/releases/20161207143420/config/init.rb ] as spv@softproof2.newshubmedia.com
 DEBUG [19ae062d] Command: [ -f /home/spv/conversion-experiments/releases/20161207143420/config/init.rb ]
 DEBUG [19ae062d] Finished in 0.405 seconds with exit status 1 (failed).
  INFO [01e0857a] Running /usr/bin/env ln -s /home/spv/conversion-experiments/shared/config/init.rb /home/spv/conversion-experiments/releases/20161207143420/config/init.rb as spv@softproof2.newshubmedia.com
 DEBUG [01e0857a] Command: /usr/bin/env ln -s /home/spv/conversion-experiments/shared/config/init.rb /home/spv/conversion-experiments/releases/20161207143420/config/init.rb
  INFO [01e0857a] Finished in 0.440 seconds with exit status 0 (successful).
  INFO [fe134890] Running /usr/bin/env mkdir -p /home/spv/conversion-experiments/releases/20161207143420/config /home/spv/conversion-experiments/releases/20161207143420 as spv@softproof2.newshubmedia.com
 DEBUG [fe134890] Command: /usr/bin/env mkdir -p /home/spv/conversion-experiments/releases/20161207143420/config /home/spv/conversion-experiments/releases/20161207143420
  INFO [fe134890] Finished in 0.436 seconds with exit status 0 (successful).
 DEBUG [0719350b] Running [ -L /home/spv/conversion-experiments/releases/20161207143420/config/apps ] as spv@softproof2.newshubmedia.com
 DEBUG [0719350b] Command: [ -L /home/spv/conversion-experiments/releases/20161207143420/config/apps ]
 DEBUG [0719350b] Finished in 0.442 seconds with exit status 1 (failed).
 DEBUG [d7388c6d] Running [ -d /home/spv/conversion-experiments/releases/20161207143420/config/apps ] as spv@softproof2.newshubmedia.com
 DEBUG [d7388c6d] Command: [ -d /home/spv/conversion-experiments/releases/20161207143420/config/apps ]
 DEBUG [d7388c6d] Finished in 0.465 seconds with exit status 1 (failed).
  INFO [52783a29] Running /usr/bin/env ln -s /home/spv/conversion-experiments/shared/config/apps /home/spv/conversion-experiments/releases/20161207143420/config/apps as spv@softproof2.newshubmedia.com
 DEBUG [52783a29] Command: /usr/bin/env ln -s /home/spv/conversion-experiments/shared/config/apps /home/spv/conversion-experiments/releases/20161207143420/config/apps
  INFO [52783a29] Finished in 0.417 seconds with exit status 0 (successful).
 DEBUG [b9d55d94] Running [ -L /home/spv/conversion-experiments/releases/20161207143420/public ] as spv@softproof2.newshubmedia.com
 DEBUG [b9d55d94] Command: [ -L /home/spv/conversion-experiments/releases/20161207143420/public ]
 DEBUG [b9d55d94] Finished in 0.390 seconds with exit status 1 (failed).
 DEBUG [3ba9f504] Running [ -d /home/spv/conversion-experiments/releases/20161207143420/public ] as spv@softproof2.newshubmedia.com
 DEBUG [3ba9f504] Command: [ -d /home/spv/conversion-experiments/releases/20161207143420/public ]
 DEBUG [3ba9f504] Finished in 0.412 seconds with exit status 0 (successful).
  INFO [729c58e7] Running /usr/bin/env rm -rf /home/spv/conversion-experiments/releases/20161207143420/public as spv@softproof2.newshubmedia.com
 DEBUG [729c58e7] Command: /usr/bin/env rm -rf /home/spv/conversion-experiments/releases/20161207143420/public
  INFO [729c58e7] Finished in 0.429 seconds with exit status 0 (successful).
  INFO [f11ed8fc] Running /usr/bin/env ln -s /home/spv/conversion-experiments/shared/public /home/spv/conversion-experiments/releases/20161207143420/public as spv@softproof2.newshubmedia.com
 DEBUG [f11ed8fc] Command: /usr/bin/env ln -s /home/spv/conversion-experiments/shared/public /home/spv/conversion-experiments/releases/20161207143420/public
  INFO [f11ed8fc] Finished in 0.419 seconds with exit status 0 (successful).
 DEBUG [72cb173a] Running if test ! -d /home/spv/conversion-experiments/releases/20161207143420; then echo "Directory does not exist '/home/spv/conversion-experiments/releases/20161207143420'" 1>&2; false; fi as spv@softproof2.newshubmedia.com
 DEBUG [72cb173a] Command: if test ! -d /home/spv/conversion-experiments/releases/20161207143420; then echo "Directory does not exist '/home/spv/conversion-experiments/releases/20161207143420'" 1>&2; false; fi
 DEBUG [72cb173a] Finished in 0.421 seconds with exit status 0 (successful).
 DEBUG [da75c338] Running /usr/local/rvm/bin/rvm 2.3.1@conversion-experiments do bundle check --path /home/spv/conversion-experiments/shared/bundle as spv@softproof2.newshubmedia.com
 DEBUG [da75c338] Command: cd /home/spv/conversion-experiments/releases/20161207143420 && /usr/local/rvm/bin/rvm 2.3.1@conversion-experiments do bundle check --path /home/spv/conversion-experiments/shared/bundle
 DEBUG [da75c338] 	The following gems are missing
 * backports (3.6.8)
 * colorize (0.8.1)
 * highline (1.7.8)
 * commander (4.4.0)
 * concurrent-ruby (1.0.2)
 * connection_pool (2.2.1)
 * mime-types-data (3.2016.0521)
 * mime-types (3.1)
 * multi_json (1.12.1)
 * rack (1.6.5)
 * rack-protection (1.5.3)
 * rack-test (0.6.3)
 * redis (3.3.2)
 * remote_lock (1.1.0)
 * sidekiq (4.2.6)
 * tilt (2.0.5)
 * sinatra (1.4.7)
 * sinatra-contrib (1.4.7)
 * yard (0.9.5)
Install missing gems with `bundle install`
 DEBUG [da75c338] Finished in 1.195 seconds with exit status 1 (failed).
  INFO [eccbaee7] Running /usr/local/rvm/bin/rvm 2.3.1@conversion-experiments do bundle install --path /home/spv/conversion-experiments/shared/bundle --without development test --deployment --quiet as spv@softproof2.newshubmedia.com
 DEBUG [eccbaee7] Command: cd /home/spv/conversion-experiments/releases/20161207143420 && /usr/local/rvm/bin/rvm 2.3.1@conversion-experiments do bundle install --path /home/spv/conversion-experiments/shared/bundle --without development test --deployment --quiet
  INFO [eccbaee7] Finished in 174.250 seconds with exit status 0 (successful).
  INFO [bec7b4fd] Running /usr/bin/env ln -s /home/spv/conversion-experiments/releases/20161207143420 /home/spv/conversion-experiments/releases/current as spv@softproof2.newshubmedia.com
 DEBUG [bec7b4fd] Command: /usr/bin/env ln -s /home/spv/conversion-experiments/releases/20161207143420 /home/spv/conversion-experiments/releases/current
  INFO [bec7b4fd] Finished in 0.395 seconds with exit status 0 (successful).
  INFO [17546a1f] Running /usr/bin/env mv /home/spv/conversion-experiments/releases/current /home/spv/conversion-experiments as spv@softproof2.newshubmedia.com
 DEBUG [17546a1f] Command: /usr/bin/env mv /home/spv/conversion-experiments/releases/current /home/spv/conversion-experiments
  INFO [17546a1f] Finished in 0.393 seconds with exit status 0 (successful).
 DEBUG [23442ddf] Running /usr/bin/env ls -xtr /home/spv/conversion-experiments/releases as spv@softproof2.newshubmedia.com
 DEBUG [23442ddf] Command: /usr/bin/env ls -xtr /home/spv/conversion-experiments/releases
 DEBUG [23442ddf] 	20161207143121	20161207143420
 DEBUG [23442ddf] Finished in 0.393 seconds with exit status 0 (successful).
 DEBUG [c09b2ca0] Running if test ! -d /home/spv/conversion-experiments/releases; then echo "Directory does not exist '/home/spv/conversion-experiments/releases'" 1>&2; false; fi as spv@softproof2.newshubmedia.com
 DEBUG [c09b2ca0] Command: if test ! -d /home/spv/conversion-experiments/releases; then echo "Directory does not exist '/home/spv/conversion-experiments/releases'" 1>&2; false; fi
 DEBUG [c09b2ca0] Finished in 0.392 seconds with exit status 0 (successful).
  INFO [6b2c3f05] Running /usr/bin/env echo "Branch master (at 82086793d2710f0ae5a6fc12e6c6764193792d64) deployed as release 20161207143420 by tomek" >> /home/spv/conversion-experiments/revisions.log as spv@softproof2.newshubmedia.com
 DEBUG [6b2c3f05] Command: cd /home/spv/conversion-experiments/releases && /usr/bin/env echo "Branch master (at 82086793d2710f0ae5a6fc12e6c6764193792d64) deployed as release 20161207143420 by tomek" >> /home/spv/conversion-experiments/revisions.log
  INFO [6b2c3f05] Finished in 0.409 seconds with exit status 0 (successful).
